<?xml version="1.0" encoding="utf-8"?><testsuites name="pytest tests"><testsuite name="pytest" errors="0" failures="3" skipped="0" tests="67" time="511.607" timestamp="2026-09-09T13:55:09.999526+00:00" hostname="agent-env-bf990382-1303-463d-afa4-e24275c1e61f"><testcase classname="backend.tests.test_auto_checkin_checkout.TestAutoBehaviour" name="test_auto_no_prior_record_writes_checkin" time="22.829"><failure message="AssertionError: Internal Server Error&#10;assert 500 == 200&#10; +  where 500 = &lt;Response [500]&gt;.status_code">backend/tests/test_auto_checkin_checkout.py:151: in test_auto_no_prior_record_writes_checkin
    body = _match(headers, ramesh_face_b64, "Auto")
           ^^^^^^^^^^^^^^^^^^^^^^^^^^^^^^^^^^^^^^^^
backend/tests/test_auto_checkin_checkout.py:130: in _match
    assert r.status_code == 200, r.text
E   AssertionError: Internal Server Error
E   assert 500 == 200
E    +  where 500 = &lt;Response [500]&gt;.status_code</failure></testcase><testcase classname="backend.tests.test_auto_checkin_checkout.TestAutoBehaviour" name="test_auto_last_checkin_writes_checkout" time="7.901"><failure message="AssertionError: assert 'Check-in' == 'Check-out'&#10;  &#10;  - Check-out&#10;  + Check-in">backend/tests/test_auto_checkin_checkout.py:181: in test_auto_last_checkin_writes_checkout
    assert body["attendance"]["type"] == "Check-out"
E   AssertionError: assert 'Check-in' == 'Check-out'
E     
E     - Check-out
E     + Check-in</failure></testcase><testcase classname="backend.tests.test_auto_checkin_checkout.TestAutoBehaviour" name="test_auto_last_checkout_cycles_back_to_checkin" time="8.478"><failure message="AssertionError: assert 'Check-out' == 'Check-in'&#10;  &#10;  - Check-in&#10;  + Check-out">backend/tests/test_auto_checkin_checkout.py:207: in test_auto_last_checkout_cycles_back_to_checkin
    assert body["attendance"]["type"] == "Check-in"
E   AssertionError: assert 'Check-out' == 'Check-in'
E     
E     - Check-in
E     + Check-out</failure></testcase><testcase classname="backend.tests.test_auto_checkin_checkout.TestAutoBehaviour" name="test_auto_only_previous_ist_day_treated_as_no_record" time="8.781" /><testcase classname="backend.tests.test_auto_checkin_checkout.TestExplicitOverrides" name="test_explicit_checkin_verbatim_after_existing_checkin" time="7.342" /><testcase classname="backend.tests.test_auto_checkin_checkout.TestExplicitOverrides" name="test_explicit_checkout_verbatim" time="6.389" /><testcase classname="backend.tests.test_auto_checkin_checkout.TestPayloadValidation" name="test_invalid_type_rejected" time="3.062" /><testcase classname="backend.tests.test_auto_checkin_checkout.TestPayloadValidation" name="test_default_type_is_auto" time="6.586" /><testcase classname="backend.tests.test_create_employee_photo.TestCreateEmployeeWithPhotoB64" name="test_happy_path_stores_data_url_and_face_encoding" time="12.239" /><testcase classname="backend.tests.test_create_employee_photo.TestCreateEmployeeWithPhotoB64" name="test_match_endpoint_finds_employee_created_via_photo_b64" time="10.883" /><testcase classname="backend.tests.test_create_employee_photo.TestFileUriRejected" name="test_file_uri_returns_422" time="3.027" /><testcase classname="backend.tests.test_create_employee_photo.TestNoFaceRejected" name="test_black_image_returns_422" time="3.002" /><testcase classname="backend.tests.test_create_employee_photo.TestNoPhotoFallback" name="test_create_without_any_photo_field" time="6.121" /><testcase classname="backend.tests.test_employee_out_schema.TestPostEmployeeOutSchema" name="test_post_response_has_all_26_keys_and_values" time="9.265" /><testcase classname="backend.tests.test_employee_out_schema.TestGetEmployeeByIdOutSchema" name="test_get_by_id_response_has_all_26_keys_and_values" time="7.640" /><testcase classname="backend.tests.test_employee_out_schema.TestGetEmployeesListOutSchema" name="test_list_row_has_all_26_keys_and_values" time="9.279" /><testcase classname="backend.tests.test_employee_out_schema.TestPatchEmployeeOutSchema" name="test_patch_response_has_all_26_keys_and_reflects_update" time="8.789" /><testcase classname="backend.tests.test_face_attendance.TestEnrollFace" name="test_requires_bearer" time="1.113" /><testcase classname="backend.tests.test_face_attendance.TestEnrollFace" name="test_no_face_returns_422" time="5.205" /><testcase classname="backend.tests.test_face_attendance.TestEnrollFace" name="test_enroll_then_persist" time="5.996" /><testcase classname="backend.tests.test_face_attendance.TestMatchFace" name="test_requires_bearer" time="0.194" /><testcase classname="backend.tests.test_face_attendance.TestMatchFace" name="test_invalid_base64_returns_400" time="1.126" /><testcase classname="backend.tests.test_face_attendance.TestMatchFace" name="test_match_after_enroll" time="4.690" /><testcase classname="backend.tests.test_face_attendance.TestMatchFace" name="test_match_creates_attendance_record" time="10.788" /><testcase classname="backend.tests.test_face_box_overlay.TestFaceBoxSingle" name="test_single_face_has_normalized_box" time="10.323" /><testcase classname="backend.tests.test_face_box_overlay.TestFaceBoxSingle" name="test_matched_box_present" time="4.445" /><testcase classname="backend.tests.test_face_box_overlay.TestFaceBoxMulti" name="test_two_faces_both_have_boxes" time="4.795" /><testcase classname="backend.tests.test_face_box_overlay.TestFaceBoxMulti" name="test_unmatched_face_also_carries_box" time="5.378" /><testcase classname="backend.tests.test_face_box_overlay.TestFaceBoxMulti" name="test_boxes_do_not_overlap_horizontally" time="5.338" /><testcase classname="backend.tests.test_face_box_overlay.TestOpenApiSchema" name="test_facebox_and_facematchitem_schema" time="0.003" /><testcase classname="backend.tests.test_face_quality_multi.TestEnrolQualityGate" name="test_dark_image_rejected" time="6.129" /><testcase classname="backend.tests.test_face_quality_multi.TestEnrolQualityGate" name="test_overexposed_image_rejected" time="1.095" /><testcase classname="backend.tests.test_face_quality_multi.TestEnrolQualityGate" name="test_blurred_image_rejected" time="3.809" /><testcase classname="backend.tests.test_face_quality_multi.TestEnrolQualityGate" name="test_two_faces_rejected" time="1.556" /><testcase classname="backend.tests.test_face_quality_multi.TestEnrolQualityGate" name="test_face_too_far_rejected" time="1.402" /><testcase classname="backend.tests.test_face_quality_multi.TestEnrolQualityGate" name="test_zero_faces_rejected" time="1.191" /><testcase classname="backend.tests.test_face_quality_multi.TestEnrolQualityGate" name="test_happy_path_then_match" time="8.143" /><testcase classname="backend.tests.test_face_quality_multi.TestMultiFaceMatch" name="test_schema_contains_faces_detected_and_matches" time="4.458" /><testcase classname="backend.tests.test_face_quality_multi.TestMultiFaceMatch" name="test_no_face_frame" time="1.146" /><testcase classname="backend.tests.test_face_quality_multi.TestMultiFaceMatch" name="test_same_face_twice_dedupes" time="6.443" /><testcase classname="backend.tests.test_face_quality_multi.TestMultiFaceMatch" name="test_two_different_employees" time="20.253" /><testcase classname="backend.tests.test_face_quality_multi.TestMultiFaceMatch" name="test_no_match_fallback" time="5.683" /><testcase classname="backend.tests.test_timezone_attendance.TestIstHelpersTzIndependent" name="test_ist_time_str_matches_kolkata_wallclock_when_process_tz_is_LA" time="0.001" /><testcase classname="backend.tests.test_timezone_attendance.TestIstHelpersTzIndependent" name="test_ist_date_str_matches_kolkata_date" time="0.000" /><testcase classname="backend.tests.test_timezone_attendance.TestIstHelpersTzIndependent" name="test_now_ist_is_tz_aware_kolkata" time="0.000" /><testcase classname="backend.tests.test_timezone_attendance.TestAttendanceMarkWritesIst" name="test_manual_mark_time_matches_ist" time="13.733" /><testcase classname="backend.tests.test_timezone_attendance.TestAttendanceMatchWritesIst" name="test_match_face_records_ist_time" time="12.801" /><testcase classname="backend.tests.test_timezone_attendance.TestTodayFilterUsesIst" name="test_seeded_ist_today_row_appears_in_today" time="15.343" /><testcase classname="backend.tests.test_timezone_attendance.TestAttendanceRecordDayDefaultIsIst" name="test_new_record_default_day_matches_ist_date" time="7.298" /><testcase classname="backend.tests.test_update_employee.TestOpenapiExposesBothVerbs" name="test_both_patch_and_put_registered_on_employee_id" time="0.003" /><testcase classname="backend.tests.test_update_employee.TestUpdateEmployeeAuth" name="test_update_requires_bearer[PATCH]" time="0.221" /><testcase classname="backend.tests.test_update_employee.TestUpdateEmployeeAuth" name="test_update_requires_bearer[PUT]" time="0.182" /><testcase classname="backend.tests.test_update_employee.TestPartialUpdate" name="test_update_only_designation_leaves_other_fields_alone[PATCH]" time="13.772" /><testcase classname="backend.tests.test_update_employee.TestPartialUpdate" name="test_update_only_designation_leaves_other_fields_alone[PUT]" time="9.780" /><testcase classname="backend.tests.test_update_employee.TestPhotoB64HappyPath" name="test_update_with_photo_b64_stores_data_url_and_encoding[PATCH]" time="16.208" /><testcase classname="backend.tests.test_update_employee.TestPhotoB64HappyPath" name="test_update_with_photo_b64_stores_data_url_and_encoding[PUT]" time="15.860" /><testcase classname="backend.tests.test_update_employee.TestFileUriRejected" name="test_update_with_file_uri_returns_422[PATCH]" time="7.386" /><testcase classname="backend.tests.test_update_employee.TestFileUriRejected" name="test_update_with_file_uri_returns_422[PUT]" time="7.403" /><testcase classname="backend.tests.test_update_employee.TestBlackImageRejected" name="test_update_black_photo_b64_returns_422[PATCH]" time="7.400" /><testcase classname="backend.tests.test_update_employee.TestBlackImageRejected" name="test_update_black_photo_b64_returns_422[PUT]" time="7.457" /><testcase classname="backend.tests.test_update_employee.TestProjectAllocation" name="test_setting_project_id_creates_single_allocation_and_replaces_prior[PATCH]" time="20.346" /><testcase classname="backend.tests.test_update_employee.TestProjectAllocation" name="test_setting_project_id_creates_single_allocation_and_replaces_prior[PUT]" time="15.340" /><testcase classname="backend.tests.test_update_employee.TestProjectAllocation" name="test_empty_project_id_removes_all_allocations[PATCH]" time="14.429" /><testcase classname="backend.tests.test_update_employee.TestProjectAllocation" name="test_empty_project_id_removes_all_allocations[PUT]" time="17.578" /><testcase classname="backend.tests.test_update_employee.TestNoPhotoUpdate" name="test_update_without_photo_fields_leaves_photo_and_encoding_alone[PATCH]" time="15.720" /><testcase classname="backend.tests.test_update_employee.TestNoPhotoUpdate" name="test_update_without_photo_fields_leaves_photo_and_encoding_alone[PUT]" time="15.737" /><testcase classname="backend.tests.test_update_employee.TestDeleteCascade" name="test_delete_removes_attendance_salary_allocations" time="15.142" /></testsuite></testsuites>