<?xml version="1.0" encoding="utf-8"?><testsuites name="pytest tests"><testsuite name="pytest" errors="0" failures="0" skipped="0" tests="18" time="208.134" timestamp="2026-09-08T12:40:29.368554+00:00" hostname="agent-env-bf990382-1303-463d-afa4-e24275c1e61f"><testcase classname="backend.tests.test_update_employee.TestOpenapiExposesBothVerbs" name="test_both_patch_and_put_registered_on_employee_id" time="3.933" /><testcase classname="backend.tests.test_update_employee.TestUpdateEmployeeAuth" name="test_update_requires_bearer[PATCH]" time="0.216" /><testcase classname="backend.tests.test_update_employee.TestUpdateEmployeeAuth" name="test_update_requires_bearer[PUT]" time="0.150" /><testcase classname="backend.tests.test_update_employee.TestPartialUpdate" name="test_update_only_designation_leaves_other_fields_alone[PATCH]" time="13.684" /><testcase classname="backend.tests.test_update_employee.TestPartialUpdate" name="test_update_only_designation_leaves_other_fields_alone[PUT]" time="9.625" /><testcase classname="backend.tests.test_update_employee.TestPhotoB64HappyPath" name="test_update_with_photo_b64_stores_data_url_and_encoding[PATCH]" time="24.045" /><testcase classname="backend.tests.test_update_employee.TestPhotoB64HappyPath" name="test_update_with_photo_b64_stores_data_url_and_encoding[PUT]" time="15.511" /><testcase classname="backend.tests.test_update_employee.TestFileUriRejected" name="test_update_with_file_uri_returns_422[PATCH]" time="7.353" /><testcase classname="backend.tests.test_update_employee.TestFileUriRejected" name="test_update_with_file_uri_returns_422[PUT]" time="7.222" /><testcase classname="backend.tests.test_update_employee.TestBlackImageRejected" name="test_update_black_photo_b64_returns_422[PATCH]" time="7.299" /><testcase classname="backend.tests.test_update_employee.TestBlackImageRejected" name="test_update_black_photo_b64_returns_422[PUT]" time="7.323" /><testcase classname="backend.tests.test_update_employee.TestProjectAllocation" name="test_setting_project_id_creates_single_allocation_and_replaces_prior[PATCH]" time="18.810" /><testcase classname="backend.tests.test_update_employee.TestProjectAllocation" name="test_setting_project_id_creates_single_allocation_and_replaces_prior[PUT]" time="15.127" /><testcase classname="backend.tests.test_update_employee.TestProjectAllocation" name="test_empty_project_id_removes_all_allocations[PATCH]" time="14.270" /><testcase classname="backend.tests.test_update_employee.TestProjectAllocation" name="test_empty_project_id_removes_all_allocations[PUT]" time="17.449" /><testcase classname="backend.tests.test_update_employee.TestNoPhotoUpdate" name="test_update_without_photo_fields_leaves_photo_and_encoding_alone[PATCH]" time="15.656" /><testcase classname="backend.tests.test_update_employee.TestNoPhotoUpdate" name="test_update_without_photo_fields_leaves_photo_and_encoding_alone[PUT]" time="15.655" /><testcase classname="backend.tests.test_update_employee.TestDeleteCascade" name="test_delete_removes_attendance_salary_allocations" time="14.717" /></testsuite></testsuites>