<?xml version="1.0" encoding="utf-8"?><testsuites name="pytest tests"><testsuite name="pytest" errors="0" failures="0" skipped="0" tests="11" time="95.968" timestamp="2026-09-08T08:47:10.866482+00:00" hostname="agent-env-bf990382-1303-463d-afa4-e24275c1e61f"><testcase classname="tests.test_timezone_attendance.TestIstHelpersTzIndependent" name="test_ist_time_str_matches_kolkata_wallclock_when_process_tz_is_LA" time="4.083" /><testcase classname="tests.test_timezone_attendance.TestIstHelpersTzIndependent" name="test_ist_date_str_matches_kolkata_date" time="0.000" /><testcase classname="tests.test_timezone_attendance.TestIstHelpersTzIndependent" name="test_now_ist_is_tz_aware_kolkata" time="0.000" /><testcase classname="tests.test_timezone_attendance.TestAttendanceMarkWritesIst" name="test_manual_mark_time_matches_ist" time="14.028" /><testcase classname="tests.test_timezone_attendance.TestAttendanceMatchWritesIst" name="test_match_face_records_ist_time" time="19.934" /><testcase classname="tests.test_timezone_attendance.TestTodayFilterUsesIst" name="test_seeded_ist_today_row_appears_in_today" time="14.090" /><testcase classname="tests.test_timezone_attendance.TestAttendanceRecordDayDefaultIsIst" name="test_new_record_default_day_matches_ist_date" time="7.289" /><testcase classname="tests.test_employee_out_schema.TestPostEmployeeOutSchema" name="test_post_response_has_all_26_keys_and_values" time="9.409" /><testcase classname="tests.test_employee_out_schema.TestGetEmployeeByIdOutSchema" name="test_get_by_id_response_has_all_26_keys_and_values" time="7.600" /><testcase classname="tests.test_employee_out_schema.TestGetEmployeesListOutSchema" name="test_list_row_has_all_26_keys_and_values" time="9.020" /><testcase classname="tests.test_employee_out_schema.TestPatchEmployeeOutSchema" name="test_patch_response_has_all_26_keys_and_reflects_update" time="10.427" /></testsuite></testsuites>