<?xml version="1.0" encoding="utf-8"?><testsuites name="pytest tests"><testsuite name="pytest" errors="0" failures="0" skipped="0" tests="30" time="147.179" timestamp="2026-09-07T11:55:39.332998+00:00" hostname="agent-env-bf990382-1303-463d-afa4-e24275c1e61f"><testcase classname="backend.tests.test_create_employee_photo.TestCreateEmployeeWithPhotoB64" name="test_happy_path_stores_data_url_and_face_encoding" time="15.304" /><testcase classname="backend.tests.test_create_employee_photo.TestCreateEmployeeWithPhotoB64" name="test_match_endpoint_finds_employee_created_via_photo_b64" time="18.144" /><testcase classname="backend.tests.test_create_employee_photo.TestFileUriRejected" name="test_file_uri_returns_422" time="3.021" /><testcase classname="backend.tests.test_create_employee_photo.TestNoFaceRejected" name="test_black_image_returns_422" time="2.987" /><testcase classname="backend.tests.test_create_employee_photo.TestNoPhotoFallback" name="test_create_without_any_photo_field" time="5.911" /><testcase classname="backend.tests.test_face_attendance.TestEnrollFace" name="test_requires_bearer" time="1.132" /><testcase classname="backend.tests.test_face_attendance.TestEnrollFace" name="test_no_face_returns_422" time="4.960" /><testcase classname="backend.tests.test_face_attendance.TestEnrollFace" name="test_enroll_then_persist" time="5.871" /><testcase classname="backend.tests.test_face_attendance.TestMatchFace" name="test_requires_bearer" time="0.123" /><testcase classname="backend.tests.test_face_attendance.TestMatchFace" name="test_invalid_base64_returns_400" time="1.096" /><testcase classname="backend.tests.test_face_attendance.TestMatchFace" name="test_match_after_enroll" time="3.762" /><testcase classname="backend.tests.test_face_attendance.TestMatchFace" name="test_match_creates_attendance_record" time="8.962" /><testcase classname="backend.tests.test_face_box_overlay.TestFaceBoxSingle" name="test_single_face_has_normalized_box" time="8.957" /><testcase classname="backend.tests.test_face_box_overlay.TestFaceBoxSingle" name="test_matched_box_present" time="3.792" /><testcase classname="backend.tests.test_face_box_overlay.TestFaceBoxMulti" name="test_two_faces_both_have_boxes" time="3.978" /><testcase classname="backend.tests.test_face_box_overlay.TestFaceBoxMulti" name="test_unmatched_face_also_carries_box" time="4.004" /><testcase classname="backend.tests.test_face_box_overlay.TestFaceBoxMulti" name="test_boxes_do_not_overlap_horizontally" time="3.957" /><testcase classname="backend.tests.test_face_box_overlay.TestOpenApiSchema" name="test_facebox_and_facematchitem_schema" time="0.020" /><testcase classname="backend.tests.test_face_quality_multi.TestEnrolQualityGate" name="test_dark_image_rejected" time="5.889" /><testcase classname="backend.tests.test_face_quality_multi.TestEnrolQualityGate" name="test_overexposed_image_rejected" time="1.041" /><testcase classname="backend.tests.test_face_quality_multi.TestEnrolQualityGate" name="test_blurred_image_rejected" time="1.526" /><testcase classname="backend.tests.test_face_quality_multi.TestEnrolQualityGate" name="test_two_faces_rejected" time="1.484" /><testcase classname="backend.tests.test_face_quality_multi.TestEnrolQualityGate" name="test_face_too_far_rejected" time="1.303" /><testcase classname="backend.tests.test_face_quality_multi.TestEnrolQualityGate" name="test_zero_faces_rejected" time="1.134" /><testcase classname="backend.tests.test_face_quality_multi.TestEnrolQualityGate" name="test_happy_path_then_match" time="7.353" /><testcase classname="backend.tests.test_face_quality_multi.TestMultiFaceMatch" name="test_schema_contains_faces_detected_and_matches" time="3.818" /><testcase classname="backend.tests.test_face_quality_multi.TestMultiFaceMatch" name="test_no_face_frame" time="1.087" /><testcase classname="backend.tests.test_face_quality_multi.TestMultiFaceMatch" name="test_same_face_twice_dedupes" time="3.993" /><testcase classname="backend.tests.test_face_quality_multi.TestMultiFaceMatch" name="test_two_different_employees" time="15.781" /><testcase classname="backend.tests.test_face_quality_multi.TestMultiFaceMatch" name="test_no_match_fallback" time="6.677" /></testsuite></testsuites>