<?xml version="1.0" encoding="utf-8"?><testsuites name="pytest tests"><testsuite name="pytest" errors="0" failures="0" skipped="0" tests="25" time="121.349" timestamp="2026-09-08T08:59:36.657125+00:00" hostname="agent-env-bf990382-1303-463d-afa4-e24275c1e61f"><testcase classname="tests.test_face_attendance.TestEnrollFace" name="test_requires_bearer" time="5.132" /><testcase classname="tests.test_face_attendance.TestEnrollFace" name="test_no_face_returns_422" time="6.236" /><testcase classname="tests.test_face_attendance.TestEnrollFace" name="test_enroll_then_persist" time="5.842" /><testcase classname="tests.test_face_attendance.TestMatchFace" name="test_requires_bearer" time="0.141" /><testcase classname="tests.test_face_attendance.TestMatchFace" name="test_invalid_base64_returns_400" time="1.025" /><testcase classname="tests.test_face_attendance.TestMatchFace" name="test_match_after_enroll" time="4.261" /><testcase classname="tests.test_face_attendance.TestMatchFace" name="test_match_creates_attendance_record" time="10.896" /><testcase classname="tests.test_face_box_overlay.TestFaceBoxSingle" name="test_single_face_has_normalized_box" time="9.514" /><testcase classname="tests.test_face_box_overlay.TestFaceBoxSingle" name="test_matched_box_present" time="4.221" /><testcase classname="tests.test_face_box_overlay.TestFaceBoxMulti" name="test_two_faces_both_have_boxes" time="5.167" /><testcase classname="tests.test_face_box_overlay.TestFaceBoxMulti" name="test_unmatched_face_also_carries_box" time="5.199" /><testcase classname="tests.test_face_box_overlay.TestFaceBoxMulti" name="test_boxes_do_not_overlap_horizontally" time="5.165" /><testcase classname="tests.test_face_box_overlay.TestOpenApiSchema" name="test_facebox_and_facematchitem_schema" time="0.003" /><testcase classname="tests.test_face_quality_multi.TestEnrolQualityGate" name="test_dark_image_rejected" time="5.986" /><testcase classname="tests.test_face_quality_multi.TestEnrolQualityGate" name="test_overexposed_image_rejected" time="1.041" /><testcase classname="tests.test_face_quality_multi.TestEnrolQualityGate" name="test_blurred_image_rejected" time="1.487" /><testcase classname="tests.test_face_quality_multi.TestEnrolQualityGate" name="test_two_faces_rejected" time="1.545" /><testcase classname="tests.test_face_quality_multi.TestEnrolQualityGate" name="test_face_too_far_rejected" time="1.315" /><testcase classname="tests.test_face_quality_multi.TestEnrolQualityGate" name="test_zero_faces_rejected" time="1.147" /><testcase classname="tests.test_face_quality_multi.TestEnrolQualityGate" name="test_happy_path_then_match" time="7.813" /><testcase classname="tests.test_face_quality_multi.TestMultiFaceMatch" name="test_schema_contains_faces_detected_and_matches" time="4.289" /><testcase classname="tests.test_face_quality_multi.TestMultiFaceMatch" name="test_no_face_frame" time="1.096" /><testcase classname="tests.test_face_quality_multi.TestMultiFaceMatch" name="test_same_face_twice_dedupes" time="6.523" /><testcase classname="tests.test_face_quality_multi.TestMultiFaceMatch" name="test_two_different_employees" time="20.549" /><testcase classname="tests.test_face_quality_multi.TestMultiFaceMatch" name="test_no_match_fallback" time="5.683" /></testsuite></testsuites>