<?xml version="1.0" encoding="utf-8"?><testsuites name="pytest tests"><testsuite name="pytest" errors="0" failures="0" skipped="0" tests="39" time="278.888" timestamp="2026-09-08T07:51:45.837599+00:00" hostname="agent-env-bf990382-1303-463d-afa4-e24275c1e61f"><testcase classname="tests.test_create_employee_photo.TestCreateEmployeeWithPhotoB64" name="test_happy_path_stores_data_url_and_face_encoding" time="15.922" /><testcase classname="tests.test_create_employee_photo.TestCreateEmployeeWithPhotoB64" name="test_match_endpoint_finds_employee_created_via_photo_b64" time="19.558" /><testcase classname="tests.test_create_employee_photo.TestFileUriRejected" name="test_file_uri_returns_422" time="3.050" /><testcase classname="tests.test_create_employee_photo.TestNoFaceRejected" name="test_black_image_returns_422" time="3.115" /><testcase classname="tests.test_create_employee_photo.TestNoPhotoFallback" name="test_create_without_any_photo_field" time="6.245" /><testcase classname="tests.test_face_attendance.TestEnrollFace" name="test_requires_bearer" time="1.124" /><testcase classname="tests.test_face_attendance.TestEnrollFace" name="test_no_face_returns_422" time="5.347" /><testcase classname="tests.test_face_attendance.TestEnrollFace" name="test_enroll_then_persist" time="6.230" /><testcase classname="tests.test_face_attendance.TestMatchFace" name="test_requires_bearer" time="0.175" /><testcase classname="tests.test_face_attendance.TestMatchFace" name="test_invalid_base64_returns_400" time="1.222" /><testcase classname="tests.test_face_attendance.TestMatchFace" name="test_match_after_enroll" time="4.164" /><testcase classname="tests.test_face_attendance.TestMatchFace" name="test_match_creates_attendance_record" time="11.588" /><testcase classname="tests.test_face_box_overlay.TestFaceBoxSingle" name="test_single_face_has_normalized_box" time="9.916" /><testcase classname="tests.test_face_box_overlay.TestFaceBoxSingle" name="test_matched_box_present" time="4.173" /><testcase classname="tests.test_face_box_overlay.TestFaceBoxMulti" name="test_two_faces_both_have_boxes" time="4.393" /><testcase classname="tests.test_face_box_overlay.TestFaceBoxMulti" name="test_unmatched_face_also_carries_box" time="4.400" /><testcase classname="tests.test_face_box_overlay.TestFaceBoxMulti" name="test_boxes_do_not_overlap_horizontally" time="4.436" /><testcase classname="tests.test_face_box_overlay.TestOpenApiSchema" name="test_facebox_and_facematchitem_schema" time="0.028" /><testcase classname="tests.test_face_quality_multi.TestEnrolQualityGate" name="test_dark_image_rejected" time="6.257" /><testcase classname="tests.test_face_quality_multi.TestEnrolQualityGate" name="test_overexposed_image_rejected" time="1.164" /><testcase classname="tests.test_face_quality_multi.TestEnrolQualityGate" name="test_blurred_image_rejected" time="1.764" /><testcase classname="tests.test_face_quality_multi.TestEnrolQualityGate" name="test_two_faces_rejected" time="1.632" /><testcase classname="tests.test_face_quality_multi.TestEnrolQualityGate" name="test_face_too_far_rejected" time="1.442" /><testcase classname="tests.test_face_quality_multi.TestEnrolQualityGate" name="test_zero_faces_rejected" time="1.282" /><testcase classname="tests.test_face_quality_multi.TestEnrolQualityGate" name="test_happy_path_then_match" time="9.351" /><testcase classname="tests.test_face_quality_multi.TestMultiFaceMatch" name="test_schema_contains_faces_detected_and_matches" time="4.174" /><testcase classname="tests.test_face_quality_multi.TestMultiFaceMatch" name="test_no_face_frame" time="1.244" /><testcase classname="tests.test_face_quality_multi.TestMultiFaceMatch" name="test_same_face_twice_dedupes" time="4.410" /><testcase classname="tests.test_face_quality_multi.TestMultiFaceMatch" name="test_two_different_employees" time="19.437" /><testcase classname="tests.test_face_quality_multi.TestMultiFaceMatch" name="test_no_match_fallback" time="5.788" /><testcase classname="tests.test_update_employee.TestUpdateEmployeeAuth" name="test_patch_requires_bearer" time="0.215" /><testcase classname="tests.test_update_employee.TestPartialUpdate" name="test_patch_only_designation_leaves_other_fields_alone" time="14.247" /><testcase classname="tests.test_update_employee.TestPhotoB64HappyPath" name="test_patch_with_photo_b64_stores_data_url_and_encoding" time="16.393" /><testcase classname="tests.test_update_employee.TestFileUriRejected" name="test_patch_with_file_uri_returns_422" time="7.684" /><testcase classname="tests.test_update_employee.TestBlackImageRejected" name="test_patch_black_photo_b64_returns_422" time="7.620" /><testcase classname="tests.test_update_employee.TestProjectAllocation" name="test_setting_project_id_creates_single_allocation_and_replaces_prior" time="19.701" /><testcase classname="tests.test_update_employee.TestProjectAllocation" name="test_empty_project_id_removes_all_allocations" time="18.354" /><testcase classname="tests.test_update_employee.TestNoPhotoUpdate" name="test_patch_without_photo_fields_leaves_photo_and_encoding_alone" time="16.217" /><testcase classname="tests.test_update_employee.TestDeleteCascade" name="test_delete_removes_attendance_salary_allocations" time="15.335" /></testsuite></testsuites>