<?xml version="1.0" encoding="utf-8"?><testsuites name="pytest tests"><testsuite name="pytest" errors="0" failures="0" skipped="0" tests="8" time="75.770" timestamp="2026-09-09T14:03:52.824884+00:00" hostname="agent-env-bf990382-1303-463d-afa4-e24275c1e61f"><testcase classname="tests.test_auto_checkin_checkout.TestAutoBehaviour" name="test_auto_no_prior_record_writes_checkin" time="26.299" /><testcase classname="tests.test_auto_checkin_checkout.TestAutoBehaviour" name="test_auto_last_checkin_writes_checkout" time="7.815" /><testcase classname="tests.test_auto_checkin_checkout.TestAutoBehaviour" name="test_auto_last_checkout_cycles_back_to_checkin" time="8.455" /><testcase classname="tests.test_auto_checkin_checkout.TestAutoBehaviour" name="test_auto_only_previous_ist_day_treated_as_no_record" time="8.376" /><testcase classname="tests.test_auto_checkin_checkout.TestExplicitOverrides" name="test_explicit_checkin_verbatim_after_existing_checkin" time="7.273" /><testcase classname="tests.test_auto_checkin_checkout.TestExplicitOverrides" name="test_explicit_checkout_verbatim" time="6.252" /><testcase classname="tests.test_auto_checkin_checkout.TestPayloadValidation" name="test_invalid_type_rejected" time="3.074" /><testcase classname="tests.test_auto_checkin_checkout.TestPayloadValidation" name="test_default_type_is_auto" time="8.171" /></testsuite></testsuites>