<?xml version="1.0" encoding="utf-8"?><testsuites name="pytest tests"><testsuite name="pytest" errors="0" failures="0" skipped="0" tests="30" time="163.446" timestamp="2026-09-08T07:27:12.936298+00:00" hostname="agent-env-bf990382-1303-463d-afa4-e24275c1e61f"><testcase classname="tests.test_create_employee_photo.TestCreateEmployeeWithPhotoB64" name="test_happy_path_stores_data_url_and_face_encoding" time="17.609" /><testcase classname="tests.test_create_employee_photo.TestCreateEmployeeWithPhotoB64" name="test_match_endpoint_finds_employee_created_via_photo_b64" time="19.757" /><testcase classname="tests.test_create_employee_photo.TestFileUriRejected" name="test_file_uri_returns_422" time="3.200" /><testcase classname="tests.test_create_employee_photo.TestNoFaceRejected" name="test_black_image_returns_422" time="3.080" /><testcase classname="tests.test_create_employee_photo.TestNoPhotoFallback" name="test_create_without_any_photo_field" time="6.316" /><testcase classname="tests.test_face_attendance.TestEnrollFace" name="test_requires_bearer" time="1.159" /><testcase classname="tests.test_face_attendance.TestEnrollFace" name="test_no_face_returns_422" time="5.323" /><testcase classname="tests.test_face_attendance.TestEnrollFace" name="test_enroll_then_persist" time="6.196" /><testcase classname="tests.test_face_attendance.TestMatchFace" name="test_requires_bearer" time="0.162" /><testcase classname="tests.test_face_attendance.TestMatchFace" name="test_invalid_base64_returns_400" time="1.101" /><testcase classname="tests.test_face_attendance.TestMatchFace" name="test_match_after_enroll" time="4.028" /><testcase classname="tests.test_face_attendance.TestMatchFace" name="test_match_creates_attendance_record" time="11.071" /><testcase classname="tests.test_face_box_overlay.TestFaceBoxSingle" name="test_single_face_has_normalized_box" time="9.910" /><testcase classname="tests.test_face_box_overlay.TestFaceBoxSingle" name="test_matched_box_present" time="4.060" /><testcase classname="tests.test_face_box_overlay.TestFaceBoxMulti" name="test_two_faces_both_have_boxes" time="4.275" /><testcase classname="tests.test_face_box_overlay.TestFaceBoxMulti" name="test_unmatched_face_also_carries_box" time="4.307" /><testcase classname="tests.test_face_box_overlay.TestFaceBoxMulti" name="test_boxes_do_not_overlap_horizontally" time="4.347" /><testcase classname="tests.test_face_box_overlay.TestOpenApiSchema" name="test_facebox_and_facematchitem_schema" time="0.003" /><testcase classname="tests.test_face_quality_multi.TestEnrolQualityGate" name="test_dark_image_rejected" time="6.241" /><testcase classname="tests.test_face_quality_multi.TestEnrolQualityGate" name="test_overexposed_image_rejected" time="1.146" /><testcase classname="tests.test_face_quality_multi.TestEnrolQualityGate" name="test_blurred_image_rejected" time="1.713" /><testcase classname="tests.test_face_quality_multi.TestEnrolQualityGate" name="test_two_faces_rejected" time="1.575" /><testcase classname="tests.test_face_quality_multi.TestEnrolQualityGate" name="test_face_too_far_rejected" time="1.421" /><testcase classname="tests.test_face_quality_multi.TestEnrolQualityGate" name="test_zero_faces_rejected" time="1.302" /><testcase classname="tests.test_face_quality_multi.TestEnrolQualityGate" name="test_happy_path_then_match" time="7.899" /><testcase classname="tests.test_face_quality_multi.TestMultiFaceMatch" name="test_schema_contains_faces_detected_and_matches" time="4.068" /><testcase classname="tests.test_face_quality_multi.TestMultiFaceMatch" name="test_no_face_frame" time="1.204" /><testcase classname="tests.test_face_quality_multi.TestMultiFaceMatch" name="test_same_face_twice_dedupes" time="4.328" /><testcase classname="tests.test_face_quality_multi.TestMultiFaceMatch" name="test_two_different_employees" time="19.124" /><testcase classname="tests.test_face_quality_multi.TestMultiFaceMatch" name="test_no_match_fallback" time="7.440" /></testsuite></testsuites>